0 info it worked if it ends with ok
1 verbose cli [ 'C:\\Program Files\\nodejs\\\\node.exe',
1 verbose cli   'C:\\Program Files\\nodejs\\node_modules\\npm\\bin\\npm-cli.js',
1 verbose cli   'install',
1 verbose cli   'mongoose' ]
2 info using npm@1.4.9
3 info using node@v0.10.28
4 verbose node symlink C:\Program Files\nodejs\\node.exe
5 verbose readDependencies using package.json deps
6 verbose cache add [ 'mongoose', null ]
7 verbose cache add name=undefined spec="mongoose" args=["mongoose",null]
8 verbose parsed url { protocol: null,
8 verbose parsed url   slashes: null,
8 verbose parsed url   auth: null,
8 verbose parsed url   host: null,
8 verbose parsed url   port: null,
8 verbose parsed url   hostname: null,
8 verbose parsed url   hash: null,
8 verbose parsed url   search: null,
8 verbose parsed url   query: null,
8 verbose parsed url   pathname: 'mongoose',
8 verbose parsed url   path: 'mongoose',
8 verbose parsed url   href: 'mongoose' }
9 silly lockFile f25dbdd3-mongoose mongoose
10 verbose lock mongoose C:\Users\Tanida\AppData\Roaming\npm-cache\f25dbdd3-mongoose.lock
11 silly lockFile f25dbdd3-mongoose mongoose
12 silly lockFile f25dbdd3-mongoose mongoose
13 verbose addNamed [ 'mongoose', '' ]
14 verbose addNamed [ null, '*' ]
15 silly lockFile 3bb0fc31-mongoose mongoose@
16 verbose lock mongoose@ C:\Users\Tanida\AppData\Roaming\npm-cache\3bb0fc31-mongoose.lock
17 silly addNameRange { name: 'mongoose', range: '*', hasData: false }
18 verbose url raw mongoose
19 verbose url resolving [ 'https://registry.npmjs.org/', './mongoose' ]
20 verbose url resolved https://registry.npmjs.org/mongoose
21 info trying registry request attempt 1 at 22:41:17
22 http GET https://registry.npmjs.org/mongoose
23 http 200 https://registry.npmjs.org/mongoose
24 silly registry.get cb [ 200,
24 silly registry.get   { date: 'Wed, 21 May 2014 13:41:15 GMT',
24 silly registry.get     server: 'CouchDB/1.5.0 (Erlang OTP/R14B04)',
24 silly registry.get     etag: '"WUEHIVV4AQQWRYS6R2BECDKC"',
24 silly registry.get     'content-type': 'application/json',
24 silly registry.get     via: '1.1 varnish',
24 silly registry.get     'cache-control': 'max-age=1',
24 silly registry.get     'content-length': '250695',
24 silly registry.get     'accept-ranges': 'bytes',
24 silly registry.get     age: '245',
24 silly registry.get     'x-served-by': 'cache-v42-ASH, cache-ty67-TYO',
24 silly registry.get     'x-cache': 'HIT, MISS',
24 silly registry.get     'x-cache-hits': '1, 0',
24 silly registry.get     'x-timer': 'S1400679309.660642147,VS0,VS86,VE184,VE366221',
24 silly registry.get     vary: 'Accept',
24 silly registry.get     'keep-alive': 'timeout=10, max=50',
24 silly registry.get     connection: 'Keep-Alive' } ]
25 silly addNameRange number 2 { name: 'mongoose', range: '*', hasData: true }
26 silly addNameRange versions [ 'mongoose',
26 silly addNameRange   [ '0.0.1',
26 silly addNameRange     '0.0.2',
26 silly addNameRange     '0.0.3',
26 silly addNameRange     '0.0.4',
26 silly addNameRange     '0.0.5',
26 silly addNameRange     '1.0.0',
26 silly addNameRange     '1.0.1',
26 silly addNameRange     '1.0.2',
26 silly addNameRange     '0.0.6',
26 silly addNameRange     '1.0.3',
26 silly addNameRange     '1.0.4',
26 silly addNameRange     '1.0.5',
26 silly addNameRange     '1.0.6',
26 silly addNameRange     '1.0.7',
26 silly addNameRange     '1.0.8',
26 silly addNameRange     '1.0.10',
26 silly addNameRange     '1.0.11',
26 silly addNameRange     '1.0.12',
26 silly addNameRange     '1.0.13',
26 silly addNameRange     '1.0.14',
26 silly addNameRange     '1.0.15',
26 silly addNameRange     '1.0.16',
26 silly addNameRange     '1.1.0',
26 silly addNameRange     '1.1.1',
26 silly addNameRange     '1.1.2',
26 silly addNameRange     '1.1.3',
26 silly addNameRange     '1.1.4',
26 silly addNameRange     '1.1.5',
26 silly addNameRange     '1.1.6',
26 silly addNameRange     '1.1.7',
26 silly addNameRange     '1.1.8',
26 silly addNameRange     '1.1.9',
26 silly addNameRange     '1.1.10',
26 silly addNameRange     '1.1.11',
26 silly addNameRange     '1.1.12',
26 silly addNameRange     '1.1.13',
26 silly addNameRange     '1.1.14',
26 silly addNameRange     '1.1.15',
26 silly addNameRange     '1.1.16',
26 silly addNameRange     '1.1.17',
26 silly addNameRange     '1.1.18',
26 silly addNameRange     '1.1.19',
26 silly addNameRange     '1.1.20',
26 silly addNameRange     '1.1.21',
26 silly addNameRange     '1.1.22',
26 silly addNameRange     '1.1.23',
26 silly addNameRange     '1.1.24',
26 silly addNameRange     '1.1.25',
26 silly addNameRange     '1.2.0',
26 silly addNameRange     '1.3.0',
26 silly addNameRange     '1.3.1',
26 silly addNameRange     '1.3.2',
26 silly addNameRange     '1.3.3',
26 silly addNameRange     '1.3.4',
26 silly addNameRange     '1.3.5',
26 silly addNameRange     '1.3.6',
26 silly addNameRange     '1.3.7',
26 silly addNameRange     '1.4.0',
26 silly addNameRange     '1.5.0',
26 silly addNameRange     '1.6.0',
26 silly addNameRange     '1.7.2',
26 silly addNameRange     '1.7.3',
26 silly addNameRange     '1.7.4',
26 silly addNameRange     '1.8.0',
26 silly addNameRange     '1.8.1',
26 silly addNameRange     '1.8.2',
26 silly addNameRange     '1.8.3',
26 silly addNameRange     '1.8.4',
26 silly addNameRange     '2.0.0',
26 silly addNameRange     '2.0.1',
26 silly addNameRange     '2.0.2',
26 silly addNameRange     '2.0.3',
26 silly addNameRange     '2.0.4',
26 silly addNameRange     '2.1.0',
26 silly addNameRange     '2.1.1',
26 silly addNameRange     '2.1.2',
26 silly addNameRange     '2.1.3',
26 silly addNameRange     '2.1.4',
26 silly addNameRange     '2.2.0',
26 silly addNameRange     '2.2.1',
26 silly addNameRange     '2.2.2',
26 silly addNameRange     '2.2.3',
26 silly addNameRange     '2.2.4',
26 silly addNameRange     '2.3.0',
26 silly addNameRange     '2.3.1',
26 silly addNameRange     '2.3.2',
26 silly addNameRange     '2.3.3',
26 silly addNameRange     '2.3.4',
26 silly addNameRange     '2.3.5',
26 silly addNameRange     '2.3.6',
26 silly addNameRange     '2.3.7',
26 silly addNameRange     '2.3.8',
26 silly addNameRange     '2.3.9',
26 silly addNameRange     '2.3.10',
26 silly addNameRange     '2.3.11',
26 silly addNameRange     '2.3.12',
26 silly addNameRange     '2.3.13',
26 silly addNameRange     '2.4.0',
26 silly addNameRange     '2.4.1',
26 silly addNameRange     '2.4.2',
26 silly addNameRange     '2.4.3',
26 silly addNameRange     '2.4.4',
26 silly addNameRange     '2.4.5',
26 silly addNameRange     '2.4.6',
26 silly addNameRange     '2.4.7',
26 silly addNameRange     '2.4.8',
26 silly addNameRange     '2.4.9',
26 silly addNameRange     '2.4.10',
26 silly addNameRange     '2.5.0',
26 silly addNameRange     '2.5.1',
26 silly addNameRange     '2.5.2',
26 silly addNameRange     '2.5.3',
26 silly addNameRange     '2.5.4',
26 silly addNameRange     '2.5.5',
26 silly addNameRange     '2.5.6',
26 silly addNameRange     '2.5.7',
26 silly addNameRange     '2.5.8',
26 silly addNameRange     '2.5.9',
26 silly addNameRange     '2.5.10',
26 silly addNameRange     '2.5.11',
26 silly addNameRange     '2.5.12',
26 silly addNameRange     '2.5.13',
26 silly addNameRange     '2.5.14',
26 silly addNameRange     '2.6.0',
26 silly addNameRange     '2.6.1',
26 silly addNameRange     '2.6.2',
26 silly addNameRange     '2.6.3',
26 silly addNameRange     '2.6.4',
26 silly addNameRange     '2.6.5',
26 silly addNameRange     '2.6.6',
26 silly addNameRange     '2.6.7',
26 silly addNameRange     '2.6.8',
26 silly addNameRange     '2.7.0',
26 silly addNameRange     '2.7.1',
26 silly addNameRange     '2.7.2',
26 silly addNameRange     '2.7.4',
26 silly addNameRange     '2.7.3',
26 silly addNameRange     '3.0.0',
26 silly addNameRange     '3.0.1',
26 silly addNameRange     '3.0.2',
26 silly addNameRange     '2.8.0',
26 silly addNameRange     '3.0.3',
26 silly addNameRange     '3.1.0',
26 silly addNameRange     '2.8.1',
26 silly addNameRange     '3.1.1',
26 silly addNameRange     '2.8.2',
26 silly addNameRange     '2.8.3',
26 silly addNameRange     '2.9.0',
26 silly addNameRange     '3.2.0',
26 silly addNameRange     '2.9.1',
26 silly addNameRange     '3.2.1',
26 silly addNameRange     '2.9.2',
26 silly addNameRange     '3.2.2',
26 silly addNameRange     '3.3.0',
26 silly addNameRange     '3.3.1',
26 silly addNameRange     '2.9.3',
26 silly addNameRange     '3.4.0',
26 silly addNameRange     '2.9.4',
26 silly addNameRange     '2.9.5',
26 silly addNameRange     '3.5.0',
26 silly addNameRange     '3.5.1',
26 silly addNameRange     '3.5.2',
26 silly addNameRange     '3.5.3',
26 silly addNameRange     '2.9.6',
26 silly addNameRange     '2.9.7',
26 silly addNameRange     '3.5.4',
26 silly addNameRange     '3.5.5',
26 silly addNameRange     '2.9.8',
26 silly addNameRange     '2.9.9',
26 silly addNameRange     '3.5.6',
26 silly addNameRange     '3.5.7',
26 silly addNameRange     '3.5.8',
26 silly addNameRange     '2.9.10',
26 silly addNameRange     '3.5.9',
26 silly addNameRange     '3.6.2',
26 silly addNameRange     '3.5.10',
26 silly addNameRange     '3.6.3',
26 silly addNameRange     '3.5.11',
26 silly addNameRange     '3.6.4',
26 silly addNameRange     '3.6.5',
26 silly addNameRange     '3.6.6',
26 silly addNameRange     '3.6.7',
26 silly addNameRange     '3.5.12',
26 silly addNameRange     '3.6.8',
26 silly addNameRange     '3.6.9',
26 silly addNameRange     '3.6.10',
26 silly addNameRange     '3.5.13',
26 silly addNameRange     '3.5.14',
26 silly addNameRange     '3.6.11',
26 silly addNameRange     '3.6.12',
26 silly addNameRange     '3.6.13',
26 silly addNameRange     '3.6.14',
26 silly addNameRange     '3.6.15',
26 silly addNameRange     '3.5.15',
26 silly addNameRange     '3.7.0',
26 silly addNameRange     '3.6.16',
26 silly addNameRange     '3.5.16',
26 silly addNameRange     '3.6.17',
26 silly addNameRange     '3.7.2',
26 silly addNameRange     '3.0.0-alpha1',
26 silly addNameRange     '3.0.0-alpha2',
26 silly addNameRange     '3.0.0-rc0',
26 silly addNameRange     '3.6.0-rc0',
26 silly addNameRange     '3.6.0-rc1',
26 silly addNameRange     '3.6.18',
26 silly addNameRange     '3.7.3',
26 silly addNameRange     '3.6.19',
26 silly addNameRange     '3.6.20',
26 silly addNameRange     '3.7.4',
26 silly addNameRange     '3.8.0',
26 silly addNameRange     '3.8.1',
26 silly addNameRange     '3.8.2',
26 silly addNameRange     '3.8.3',
26 silly addNameRange     '3.8.4',
26 silly addNameRange     '3.8.5',
26 silly addNameRange     '3.8.6',
26 silly addNameRange     '3.8.7',
26 silly addNameRange     '3.8.8',
26 silly addNameRange     '3.8.9',
26 silly addNameRange     '3.8.10' ] ]
27 verbose addNamed [ 'mongoose', '3.8.10' ]
28 verbose addNamed [ '3.8.10', '3.8.10' ]
29 silly lockFile 453361ba-mongoose-3-8-10 mongoose@3.8.10
30 verbose lock mongoose@3.8.10 C:\Users\Tanida\AppData\Roaming\npm-cache\453361ba-mongoose-3-8-10.lock
31 silly lockFile d7d247b0-org-mongoose-mongoose-3-8-10-tgz https://registry.npmjs.org/mongoose/-/mongoose-3.8.10.tgz
32 verbose lock https://registry.npmjs.org/mongoose/-/mongoose-3.8.10.tgz C:\Users\Tanida\AppData\Roaming\npm-cache\d7d247b0-org-mongoose-mongoose-3-8-10-tgz.lock
33 verbose addRemoteTarball [ 'https://registry.npmjs.org/mongoose/-/mongoose-3.8.10.tgz',
33 verbose addRemoteTarball   'd10257b7346a9073da1eda09bfb7b7027d27a0c6' ]
34 info retry fetch attempt 1 at 22:41:17
35 verbose fetch to= C:\Users\Tanida\AppData\Local\Temp\npm-11088-bDeKTJxt\1400679677628-0.5348966910969466\tmp.tgz
36 http GET https://registry.npmjs.org/mongoose/-/mongoose-3.8.10.tgz
37 http 200 https://registry.npmjs.org/mongoose/-/mongoose-3.8.10.tgz
38 verbose tar unpack C:\Users\Tanida\AppData\Local\Temp\npm-11088-bDeKTJxt\1400679677628-0.5348966910969466\tmp.tgz
39 error ReferenceError: uidSupport is not defined
39 error     at uidNumber (C:\Program Files\nodejs\node_modules\npm\node_modules\uid-number\uid-number.js:16:8)
39 error     at Object.unpack (C:\Program Files\nodejs\node_modules\npm\lib\utils\tar.js:126:3)
39 error     at C:\Program Files\nodejs\node_modules\npm\lib\cache.js:1318:9
39 error     at getCacheStat (C:\Program Files\nodejs\node_modules\npm\lib\cache.js:1047:25)
39 error     at addTmpTarball (C:\Program Files\nodejs\node_modules\npm\lib\cache.js:1316:3)
39 error     at addLocalTarball (C:\Program Files\nodejs\node_modules\npm\lib\cache.js:1002:12)
39 error     at done (C:\Program Files\nodejs\node_modules\npm\lib\cache.js:398:5)
39 error     at C:\Program Files\nodejs\node_modules\npm\lib\cache.js:422:7
39 error     at C:\Program Files\nodejs\node_modules\npm\lib\cache.js:353:14
39 error     at C:\Program Files\nodejs\node_modules\npm\node_modules\sha\index.js:37:37
40 error If you need help, you may report this *entire* log,
40 error including the npm and node versions, at:
40 error     <http://github.com/npm/npm/issues>
41 error System Windows_NT 6.1.7601
42 error command "C:\\Program Files\\nodejs\\\\node.exe" "C:\\Program Files\\nodejs\\node_modules\\npm\\bin\\npm-cli.js" "install" "mongoose"
43 error cwd C:\Users\Tanida\express\myapp
44 error node -v v0.10.28
45 error npm -v 1.4.9
46 error type not_defined
47 verbose exit [ 1, true ]
